#!MLF!#
"/net/ameth/work/zhou/recog/htkdata/test/F01_617.rec"
0 13333320 NONE 2581.214111
13333320 16666650 R_BELLY 451.163940
16666650 27999972 R_BELLY 2498.697266
27999972 43999956 R_LSHOULDER 2850.077393
43999956 56999943 R_BELLY 2800.261475
56999943 83333250 R_LSHOULDER 4500.907227
83333250 91333242 NONE 1313.833984
.
"/net/ameth/work/zhou/recog/htkdata/test/F01_622.rec"
0 12999987 NONE 2760.938232
12999987 27333306 R_BELLY 2694.564209
27333306 43999956 R_RSHOULDER 3739.998535
43999956 60333273 R_HEAD 3625.771729
60333273 74666592 R_LSHOULDER 2861.436035
74666592 93666573 R_HEAD 3742.710693
93666573 98666568 NONE 774.752014
.
"/net/ameth/work/zhou/recog/htkdata/test/F02_516.rec"
0 20999979 NONE 3056.132080
20999979 40333293 R_LSHOULDER 2935.362549
40333293 49666617 R_LSHOULDER 1527.874634
49666617 67333266 R_HEAD 3458.479492
67333266 74333259 R_LSHOULDER 1017.024048
74333259 80666586 R_LSHOULDER 972.747009
80666586 104333229 NONE 3287.201660
.
"/net/ameth/work/zhou/recog/htkdata/test/F02_533.rec"
0 55999944 NONE 8402.815430
55999944 78666588 R_LSHOULDER 3913.255615
78666588 95333238 R_LSHOULDER 3102.142090
95333238 108666558 R_BELLY 2170.736572
108666558 115999884 R_HEAD 1205.130127
115999884 122666544 R_LSHOULDER 860.655457
122666544 134999865 NONE 2154.277100
.
"/net/ameth/work/zhou/recog/htkdata/test/F03_570.rec"
0 1666665 NONE -29.448980
1666665 16999983 R_HEAD 3533.403809
16999983 18999981 R_HEAD 381.253632
18999981 22333311 R_HEAD 601.897583
22333311 34999965 R_LSHOULDER 2521.344238
34999965 37666629 R_HEAD 394.086914
37666629 39333294 NONE 241.293030
.
"/net/ameth/work/zhou/recog/htkdata/test/F03_589.rec"
0 1333332 NONE 127.381882
1333332 18666648 R_HEAD 3868.104492
18666648 27666639 R_BELLY 1999.195068
27666639 36333297 R_BELLY 1687.028320
36333297 53333280 R_LSHOULDER 3319.724121
53333280 60333273 R_HEAD 1390.497192
60333273 61333272 NONE 72.478806
.
"/net/ameth/work/zhou/recog/htkdata/test/F04_555.rec"
0 1999998 NONE 194.127121
1999998 19666647 R_RSHOULDER 3840.968750
19666647 34666632 R_BELLY 2763.534912
34666632 42333291 R_BELLY 1304.878174
42333291 58333275 R_LSHOULDER 2515.584229
58333275 62999937 R_RSHOULDER 655.651306
62999937 64666602 NONE 121.518036
.
"/net/ameth/work/zhou/recog/htkdata/test/F04_621.rec"
0 1333332 NONE 98.637123
1333332 15999984 R_BELLY 2477.065918
15999984 26999973 R_BELLY 1718.418701
26999973 39666627 R_BELLY 2066.105713
39666627 54999945 R_RSHOULDER 3092.089111
54999945 68999931 R_BELLY 2678.686035
68999931 69999930 NONE 124.095932
.
"/net/ameth/work/zhou/recog/htkdata/test/M01_530.rec"
0 999999 NONE 89.558075
999999 15666651 R_RSHOULDER 2732.061035
15666651 39999960 R_LSHOULDER 4827.829102
39999960 53333280 R_RSHOULDER 2678.232422
53333280 69333264 R_BELLY 3409.276611
69333264 72999927 R_LSHOULDER 659.605774
72999927 73999926 NONE 17.227772
.
"/net/ameth/work/zhou/recog/htkdata/test/M01_635.rec"
0 14999985 NONE 2384.149414
14999985 27333306 R_RSHOULDER 2387.692383
27333306 43666623 R_LSHOULDER 3250.625244
43666623 45999954 R_RSHOULDER 420.371368
45999954 61666605 R_RSHOULDER 3113.708008
61666605 73666593 R_LSHOULDER 2386.835205
73666593 74666592 NONE 30.716494
.
"/net/ameth/work/zhou/recog/htkdata/test/M02_555.rec"
0 23999976 NONE 5493.665527
23999976 33666633 R_HEAD 1434.603149
33666633 46666620 R_RSHOULDER 2557.762451
46666620 48333285 R_BELLY 263.881104
48333285 73333260 R_LSHOULDER 4689.779785
73333260 74666592 R_BELLY 174.845505
74666592 77666589 NONE 493.998108
.
"/net/ameth/work/zhou/recog/htkdata/test/M02_621.rec"
0 24666642 NONE 5346.789062
24666642 38999961 R_BELLY 3205.688965
38999961 56999943 R_LSHOULDER 3303.552490
56999943 70333263 R_BELLY 2450.502441
70333263 88999911 R_RSHOULDER 3579.377197
88999911 97333236 R_LSHOULDER 1444.101074
97333236 108999891 NONE 2340.824707
.
"/net/ameth/work/zhou/recog/htkdata/test/M03_570.rec"
0 31333302 NONE 6370.285156
31333302 52999947 R_BELLY 4675.715820
52999947 76666590 R_HEAD 5177.659180
76666590 100666566 R_LSHOULDER 4607.007812
100666566 112999887 R_HEAD 2490.286133
112999887 120666546 R_BELLY 1396.969727
120666546 122999877 NONE 365.243774
.
"/net/ameth/work/zhou/recog/htkdata/test/M03_589.rec"
0 4333329 NONE 678.330566
4333329 27666639 R_BELLY 5180.806641
27666639 52333281 R_HEAD 5728.092285
52333281 74666592 R_BELLY 4415.911133
74666592 92999907 R_LSHOULDER 3707.884521
92999907 108999891 R_HEAD 3480.161377
108999891 111666555 NONE 382.261292
.
"/net/ameth/work/zhou/recog/htkdata/test/M04_544.rec"
0 13999986 NONE 2774.315674
13999986 30333303 R_RSHOULDER 2885.561035
30333303 46333287 R_BELLY 3418.395752
46333287 66333267 R_HEAD 4024.889404
66333267 78666588 R_RSHOULDER 2355.743896
78666588 87999912 R_HEAD 1810.853760
87999912 90333243 NONE 182.957886
.
"/net/ameth/work/zhou/recog/htkdata/test/M04_588.rec"
0 18999981 NONE 3464.755371
18999981 39333294 R_BELLY 4157.158691
39333294 56666610 R_HEAD 3484.641357
56666610 71666595 R_BELLY 3127.738037
71666595 84333249 R_HEAD 2535.150879
84333249 85999914 R_BELLY 301.716736
85999914 86999913 NONE 84.807663
.
"/net/ameth/work/zhou/recog/htkdata/test/M05_530.rec"
0 9666657 NONE 1662.910522
9666657 28666638 R_RSHOULDER 3943.655518
28666638 49999950 R_LSHOULDER 4573.019531
49999950 71999928 R_RSHOULDER 4718.574219
71999928 88666578 R_BELLY 3253.718262
88666578 104333229 R_LSHOULDER 3394.863525
104333229 116666550 NONE 2475.570068
.
"/net/ameth/work/zhou/recog/htkdata/test/M05_635.rec"
0 999999 NONE 161.876480
999999 29666637 R_BELLY 6397.417480
29666637 65333268 R_RSHOULDER 6901.930664
65333268 84666582 R_LSHOULDER 3620.566895
84666582 97999902 R_HEAD 2526.241211
97999902 139333194 R_BELLY 9573.996094
139333194 140333193 NONE 171.666336
.
"/net/ameth/work/zhou/recog/htkdata/test/M06_617.rec"
0 6333327 NONE 1180.429932
6333327 31666635 R_BELLY 5288.789062
31666635 64666602 R_LSHOULDER 6697.224121
64666602 79333254 R_BELLY 2405.856445
79333254 98333235 R_LSHOULDER 3994.122070
98333235 108999891 R_RSHOULDER 1782.070923
108999891 114333219 NONE 792.018616
.
"/net/ameth/work/zhou/recog/htkdata/test/M06_622.rec"
0 15333318 NONE 3388.016357
15333318 39999960 R_BELLY 4582.661621
39999960 56999943 R_RSHOULDER 3552.897217
56999943 77999922 R_HEAD 4735.062012
77999922 94666572 R_LSHOULDER 3130.573242
94666572 105333228 R_HEAD 2330.157471
105333228 107999892 NONE 362.302979
.
